<?xml version="1.0" encoding="UTF-8"?>
<!-- Generated by org.testng.reporters.JUnitXMLReporter -->
<testsuite ignored="0" hostname="BIKASH" failures="0" tests="5" name="Test" time="34.257" errors="0" timestamp="2023-08-22T03:48:26 IST">
  <testcase classname="Task.KervDigTask_TestNG" name="setup" time="10.242"/>
  <testcase classname="Task.KervDigTask_TestNG" name="careers" time="6.201"/>
  <testcase classname="Task.KervDigTask_TestNG" name="applyFilter" time="8.797"/>
  <testcase classname="Task.KervDigTask_TestNG" name="applyJob" time="8.75"/>
  <testcase classname="Task.KervDigTask_TestNG" name="tearDown" time="0.229"/>
</testsuite> <!-- Test -->
