<?xml version="1.0" encoding="UTF-8"?>
<testng-results ignored="0" total="5" passed="5" failed="0" skipped="0">
  <reporter-output>
  </reporter-output>
  <suite started-at="2023-08-22T03:47:51 IST" name="Suite" finished-at="2023-08-22T03:48:26 IST" duration-ms="34257">
    <groups>
    </groups>
    <test started-at="2023-08-22T03:47:51 IST" name="Test" finished-at="2023-08-22T03:48:26 IST" duration-ms="34257">
      <class name="Task.KervDigTask_TestNG">
        <test-method signature="setup()[pri:1, instance:Task.KervDigTask_TestNG@2a693f59]" started-at="2023-08-22T03:47:51 IST" name="setup" finished-at="2023-08-22T03:48:02 IST" duration-ms="10242" status="PASS">
          <reporter-output>
          </reporter-output>
        </test-method> <!-- setup -->
        <test-method signature="careers()[pri:2, instance:Task.KervDigTask_TestNG@2a693f59]" started-at="2023-08-22T03:48:02 IST" name="careers" finished-at="2023-08-22T03:48:08 IST" duration-ms="6201" status="PASS">
          <reporter-output>
          </reporter-output>
        </test-method> <!-- careers -->
        <test-method signature="applyFilter()[pri:3, instance:Task.KervDigTask_TestNG@2a693f59]" started-at="2023-08-22T03:48:08 IST" name="applyFilter" finished-at="2023-08-22T03:48:17 IST" duration-ms="8797" status="PASS">
          <reporter-output>
          </reporter-output>
        </test-method> <!-- applyFilter -->
        <test-method signature="applyJob()[pri:4, instance:Task.KervDigTask_TestNG@2a693f59]" started-at="2023-08-22T03:48:17 IST" name="applyJob" finished-at="2023-08-22T03:48:25 IST" duration-ms="8750" status="PASS">
          <reporter-output>
          </reporter-output>
        </test-method> <!-- applyJob -->
        <test-method signature="tearDown()[pri:5, instance:Task.KervDigTask_TestNG@2a693f59]" started-at="2023-08-22T03:48:25 IST" name="tearDown" finished-at="2023-08-22T03:48:26 IST" duration-ms="229" status="PASS">
          <reporter-output>
          </reporter-output>
        </test-method> <!-- tearDown -->
      </class> <!-- Task.KervDigTask_TestNG -->
    </test> <!-- Test -->
  </suite> <!-- Suite -->
</testng-results>
